c:\users\pc\desktop\directx11\study\phantasiadx11\ssao\debug\vc140.pdb
c:\users\pc\desktop\directx11\study\phantasiadx11\ssao\debug\vc140.idb
c:\users\pc\desktop\directx11\study\phantasiadx11\ssao\debug\effects.obj
c:\users\pc\desktop\directx11\study\phantasiadx11\ssao\debug\renderstates.obj
c:\users\pc\desktop\directx11\study\phantasiadx11\ssao\debug\shadowmap.obj
c:\users\pc\desktop\directx11\study\phantasiadx11\ssao\debug\sky.obj
c:\users\pc\desktop\directx11\study\phantasiadx11\ssao\debug\ssao.obj
c:\users\pc\desktop\directx11\study\phantasiadx11\ssao\debug\ssaodemo.obj
c:\users\pc\desktop\directx11\study\phantasiadx11\ssao\debug\vertex.obj
c:\users\pc\desktop\directx11\study\phantasiadx11\ssao\fx\basic.fxo
c:\users\pc\desktop\directx11\study\phantasiadx11\ssao\fx\buildshadowmap.fxo
c:\users\pc\desktop\directx11\study\phantasiadx11\ssao\fx\debugtexture.fxo
c:\users\pc\desktop\directx11\study\phantasiadx11\ssao\fx\displacementmap.fxo
c:\users\pc\desktop\directx11\study\phantasiadx11\ssao\fx\normalmap.fxo
c:\users\pc\desktop\directx11\study\phantasiadx11\ssao\fx\sky.fxo
c:\users\pc\desktop\directx11\study\phantasiadx11\ssao\fx\ssao.fxo
c:\users\pc\desktop\directx11\study\phantasiadx11\ssao\fx\ssaonormaldepth.fxo
c:\users\pc\desktop\directx11\study\phantasiadx11\ssao\fx\ssaoblur.fxo
c:\users\pc\desktop\directx11\study\phantasiadx11\ssao\debug\camera.obj
c:\users\pc\desktop\directx11\study\phantasiadx11\ssao\debug\d3dapp.obj
c:\users\pc\desktop\directx11\study\phantasiadx11\ssao\debug\d3dutil.obj
c:\users\pc\desktop\directx11\study\phantasiadx11\ssao\debug\dxerr.obj
c:\users\pc\desktop\directx11\study\phantasiadx11\ssao\debug\gametimer.obj
c:\users\pc\desktop\directx11\study\phantasiadx11\ssao\debug\geometrygenerator.obj
c:\users\pc\desktop\directx11\study\phantasiadx11\ssao\debug\lighthelper.obj
c:\users\pc\desktop\directx11\study\phantasiadx11\ssao\debug\mathhelper.obj
c:\users\pc\desktop\directx11\study\phantasiadx11\ssao\debug\texturemgr.obj
c:\users\pc\desktop\directx11\study\phantasiadx11\ssao\debug\waves.obj
c:\users\pc\desktop\directx11\study\phantasiadx11\ssao\debug\xnacollision.obj
c:\users\pc\desktop\directx11\study\phantasiadx11\ssao\debug\ssao.ilk
c:\users\pc\desktop\directx11\study\phantasiadx11\ssao\debug\ssao.pdb
c:\users\pc\desktop\directx11\study\phantasiadx11\ssao\debug\ssao.tlog\cl.command.1.tlog
c:\users\pc\desktop\directx11\study\phantasiadx11\ssao\debug\ssao.tlog\cl.read.1.tlog
c:\users\pc\desktop\directx11\study\phantasiadx11\ssao\debug\ssao.tlog\cl.write.1.tlog
c:\users\pc\desktop\directx11\study\phantasiadx11\ssao\debug\ssao.tlog\custombuild.command.1.tlog
c:\users\pc\desktop\directx11\study\phantasiadx11\ssao\debug\ssao.tlog\custombuild.read.1.tlog
c:\users\pc\desktop\directx11\study\phantasiadx11\ssao\debug\ssao.tlog\custombuild.write.1.tlog
c:\users\pc\desktop\directx11\study\phantasiadx11\ssao\debug\ssao.tlog\link.command.1.tlog
c:\users\pc\desktop\directx11\study\phantasiadx11\ssao\debug\ssao.tlog\link.read.1.tlog
c:\users\pc\desktop\directx11\study\phantasiadx11\ssao\debug\ssao.tlog\link.write.1.tlog
