c:\users\pc\desktop\directx11\study\phantasiadx11\debug\basictessellation.ilk
c:\users\pc\desktop\directx11\study\phantasiadx11\debug\blenddemo.ilk
c:\users\pc\desktop\directx11\study\phantasiadx11\debug\blur.ilk
c:\users\pc\desktop\directx11\study\phantasiadx11\debug\camera.ilk
c:\users\pc\desktop\directx11\study\phantasiadx11\debug\crate.ilk
c:\users\pc\desktop\directx11\study\phantasiadx11\debug\cubemap.ilk
c:\users\pc\desktop\directx11\study\phantasiadx11\debug\drawing3d.ilk
c:\users\pc\desktop\directx11\study\phantasiadx11\debug\dynamiccubemap.ilk
c:\users\pc\desktop\directx11\study\phantasiadx11\debug\instancingandculling.ilk
c:\users\pc\desktop\directx11\study\phantasiadx11\debug\lighting.ilk
c:\users\pc\desktop\directx11\study\phantasiadx11\debug\normaldisplacementmap.ilk
c:\users\pc\desktop\directx11\study\phantasiadx11\debug\particlesystem.ilk
c:\users\pc\desktop\directx11\study\phantasiadx11\debug\picking.ilk
c:\users\pc\desktop\directx11\study\phantasiadx11\debug\shadows.ilk
c:\users\pc\desktop\directx11\study\phantasiadx11\debug\stenciling.ilk
c:\users\pc\desktop\directx11\study\phantasiadx11\debug\terrain.ilk
c:\users\pc\desktop\directx11\study\phantasiadx11\debug\treebillboard.ilk
c:\users\pc\desktop\directx11\study\phantasiadx11\debug\vecadd.ilk
c:\users\pc\desktop\directx11\study\phantasiadx11\debug\basictessellation.pdb
c:\users\pc\desktop\directx11\study\phantasiadx11\debug\blenddemo.pdb
c:\users\pc\desktop\directx11\study\phantasiadx11\debug\blur.pdb
c:\users\pc\desktop\directx11\study\phantasiadx11\debug\camera.pdb
c:\users\pc\desktop\directx11\study\phantasiadx11\debug\crate.pdb
c:\users\pc\desktop\directx11\study\phantasiadx11\debug\cubemap.pdb
c:\users\pc\desktop\directx11\study\phantasiadx11\debug\drawing3d.pdb
c:\users\pc\desktop\directx11\study\phantasiadx11\debug\dynamiccubemap.pdb
c:\users\pc\desktop\directx11\study\phantasiadx11\debug\instancingandculling.pdb
c:\users\pc\desktop\directx11\study\phantasiadx11\debug\lighting.pdb
c:\users\pc\desktop\directx11\study\phantasiadx11\debug\normaldisplacementmap.pdb
c:\users\pc\desktop\directx11\study\phantasiadx11\debug\particlesystem.pdb
c:\users\pc\desktop\directx11\study\phantasiadx11\debug\picking.pdb
c:\users\pc\desktop\directx11\study\phantasiadx11\debug\shadows.pdb
c:\users\pc\desktop\directx11\study\phantasiadx11\debug\ssao.pdb
c:\users\pc\desktop\directx11\study\phantasiadx11\debug\stenciling.pdb
c:\users\pc\desktop\directx11\study\phantasiadx11\debug\terrain.pdb
c:\users\pc\desktop\directx11\study\phantasiadx11\debug\treebillboard.pdb
c:\users\pc\desktop\directx11\study\phantasiadx11\debug\vecadd.pdb
