c:\users\pc\desktop\directx11\study\phantasiadx11\stenciling\debug\vc140.pdb
c:\users\pc\desktop\directx11\study\phantasiadx11\stenciling\debug\vc140.idb
c:\users\pc\desktop\directx11\study\phantasiadx11\stenciling\debug\camera.obj
c:\users\pc\desktop\directx11\study\phantasiadx11\stenciling\debug\d3dapp.obj
c:\users\pc\desktop\directx11\study\phantasiadx11\stenciling\debug\d3dutil.obj
c:\users\pc\desktop\directx11\study\phantasiadx11\stenciling\debug\dxerr.obj
c:\users\pc\desktop\directx11\study\phantasiadx11\stenciling\debug\gametimer.obj
c:\users\pc\desktop\directx11\study\phantasiadx11\stenciling\debug\geometrygenerator.obj
c:\users\pc\desktop\directx11\study\phantasiadx11\stenciling\debug\lighthelper.obj
c:\users\pc\desktop\directx11\study\phantasiadx11\stenciling\debug\mathhelper.obj
c:\users\pc\desktop\directx11\study\phantasiadx11\stenciling\debug\texturemgr.obj
c:\users\pc\desktop\directx11\study\phantasiadx11\stenciling\debug\waves.obj
c:\users\pc\desktop\directx11\study\phantasiadx11\stenciling\debug\xnacollision.obj
c:\users\pc\desktop\directx11\study\phantasiadx11\stenciling\debug\effects.obj
c:\users\pc\desktop\directx11\study\phantasiadx11\stenciling\debug\mirrordemo.obj
c:\users\pc\desktop\directx11\study\phantasiadx11\stenciling\debug\renderstates.obj
c:\users\pc\desktop\directx11\study\phantasiadx11\stenciling\debug\vertex.obj
c:\users\pc\desktop\directx11\study\phantasiadx11\stenciling\fx\basic.fxo
c:\users\pc\desktop\directx11\study\phantasiadx11\debug\stenciling.ilk
c:\users\pc\desktop\directx11\study\phantasiadx11\debug\stenciling.exe
c:\users\pc\desktop\directx11\study\phantasiadx11\debug\stenciling.pdb
c:\users\pc\desktop\directx11\study\phantasiadx11\stenciling\debug\stenciling.tlog\cl.command.1.tlog
c:\users\pc\desktop\directx11\study\phantasiadx11\stenciling\debug\stenciling.tlog\cl.read.1.tlog
c:\users\pc\desktop\directx11\study\phantasiadx11\stenciling\debug\stenciling.tlog\cl.write.1.tlog
c:\users\pc\desktop\directx11\study\phantasiadx11\stenciling\debug\stenciling.tlog\custombuild.command.1.tlog
c:\users\pc\desktop\directx11\study\phantasiadx11\stenciling\debug\stenciling.tlog\custombuild.read.1.tlog
c:\users\pc\desktop\directx11\study\phantasiadx11\stenciling\debug\stenciling.tlog\custombuild.write.1.tlog
c:\users\pc\desktop\directx11\study\phantasiadx11\stenciling\debug\stenciling.tlog\link.command.1.tlog
c:\users\pc\desktop\directx11\study\phantasiadx11\stenciling\debug\stenciling.tlog\link.read.1.tlog
c:\users\pc\desktop\directx11\study\phantasiadx11\stenciling\debug\stenciling.tlog\link.write.1.tlog
