c:\users\pc\desktop\directx11\study\phantasiadx11\dynamiccubemap\debug\vc140.pdb
c:\users\pc\desktop\directx11\study\phantasiadx11\dynamiccubemap\debug\vc140.idb
c:\users\pc\desktop\directx11\study\phantasiadx11\dynamiccubemap\debug\camera.obj
c:\users\pc\desktop\directx11\study\phantasiadx11\dynamiccubemap\debug\d3dapp.obj
c:\users\pc\desktop\directx11\study\phantasiadx11\dynamiccubemap\debug\d3dutil.obj
c:\users\pc\desktop\directx11\study\phantasiadx11\dynamiccubemap\debug\dxerr.obj
c:\users\pc\desktop\directx11\study\phantasiadx11\dynamiccubemap\debug\gametimer.obj
c:\users\pc\desktop\directx11\study\phantasiadx11\dynamiccubemap\debug\geometrygenerator.obj
c:\users\pc\desktop\directx11\study\phantasiadx11\dynamiccubemap\debug\lighthelper.obj
c:\users\pc\desktop\directx11\study\phantasiadx11\dynamiccubemap\debug\mathhelper.obj
c:\users\pc\desktop\directx11\study\phantasiadx11\dynamiccubemap\debug\texturemgr.obj
c:\users\pc\desktop\directx11\study\phantasiadx11\dynamiccubemap\debug\waves.obj
c:\users\pc\desktop\directx11\study\phantasiadx11\dynamiccubemap\debug\xnacollision.obj
c:\users\pc\desktop\directx11\study\phantasiadx11\dynamiccubemap\debug\dynamiccubemapdemo.obj
c:\users\pc\desktop\directx11\study\phantasiadx11\dynamiccubemap\debug\effects.obj
c:\users\pc\desktop\directx11\study\phantasiadx11\dynamiccubemap\debug\renderstates.obj
c:\users\pc\desktop\directx11\study\phantasiadx11\dynamiccubemap\debug\sky.obj
c:\users\pc\desktop\directx11\study\phantasiadx11\dynamiccubemap\debug\vertex.obj
c:\users\pc\desktop\directx11\study\phantasiadx11\dynamiccubemap\fx\basic.fxo
c:\users\pc\desktop\directx11\study\phantasiadx11\dynamiccubemap\fx\sky.fxo
c:\users\pc\desktop\directx11\study\phantasiadx11\debug\dynamiccubemap.ilk
c:\users\pc\desktop\directx11\study\phantasiadx11\debug\dynamiccubemap.exe
c:\users\pc\desktop\directx11\study\phantasiadx11\debug\dynamiccubemap.pdb
c:\users\pc\desktop\directx11\study\phantasiadx11\dynamiccubemap\debug\dynamiccubemap.tlog\cl.command.1.tlog
c:\users\pc\desktop\directx11\study\phantasiadx11\dynamiccubemap\debug\dynamiccubemap.tlog\cl.read.1.tlog
c:\users\pc\desktop\directx11\study\phantasiadx11\dynamiccubemap\debug\dynamiccubemap.tlog\cl.write.1.tlog
c:\users\pc\desktop\directx11\study\phantasiadx11\dynamiccubemap\debug\dynamiccubemap.tlog\custombuild.command.1.tlog
c:\users\pc\desktop\directx11\study\phantasiadx11\dynamiccubemap\debug\dynamiccubemap.tlog\custombuild.read.1.tlog
c:\users\pc\desktop\directx11\study\phantasiadx11\dynamiccubemap\debug\dynamiccubemap.tlog\custombuild.write.1.tlog
c:\users\pc\desktop\directx11\study\phantasiadx11\dynamiccubemap\debug\dynamiccubemap.tlog\link.command.1.tlog
c:\users\pc\desktop\directx11\study\phantasiadx11\dynamiccubemap\debug\dynamiccubemap.tlog\link.read.1.tlog
c:\users\pc\desktop\directx11\study\phantasiadx11\dynamiccubemap\debug\dynamiccubemap.tlog\link.write.1.tlog
