c:\users\pc\desktop\directx11\study\phantasiadx11\drawing3d\debug\vc140.pdb
c:\users\pc\desktop\directx11\study\phantasiadx11\drawing3d\debug\vc140.idb
c:\users\pc\desktop\directx11\study\phantasiadx11\drawing3d\debug\camera.obj
c:\users\pc\desktop\directx11\study\phantasiadx11\drawing3d\debug\d3dapp.obj
c:\users\pc\desktop\directx11\study\phantasiadx11\drawing3d\debug\d3dutil.obj
c:\users\pc\desktop\directx11\study\phantasiadx11\drawing3d\debug\dxerr.obj
c:\users\pc\desktop\directx11\study\phantasiadx11\drawing3d\debug\gametimer.obj
c:\users\pc\desktop\directx11\study\phantasiadx11\drawing3d\debug\geometrygenerator.obj
c:\users\pc\desktop\directx11\study\phantasiadx11\drawing3d\debug\lighthelper.obj
c:\users\pc\desktop\directx11\study\phantasiadx11\drawing3d\debug\mathhelper.obj
c:\users\pc\desktop\directx11\study\phantasiadx11\drawing3d\debug\texturemgr.obj
c:\users\pc\desktop\directx11\study\phantasiadx11\drawing3d\debug\waves.obj
c:\users\pc\desktop\directx11\study\phantasiadx11\drawing3d\debug\xnacollision.obj
c:\users\pc\desktop\directx11\study\phantasiadx11\drawing3d\debug\boxdemo.obj
c:\users\pc\desktop\directx11\study\phantasiadx11\debug\color.cso
c:\users\pc\desktop\directx11\study\phantasiadx11\debug\drawing3d.ilk
c:\users\pc\desktop\directx11\study\phantasiadx11\debug\drawing3d.exe
c:\users\pc\desktop\directx11\study\phantasiadx11\debug\drawing3d.pdb
c:\users\pc\desktop\directx11\study\phantasiadx11\drawing3d\debug\drawing3d.tlog\cl.command.1.tlog
c:\users\pc\desktop\directx11\study\phantasiadx11\drawing3d\debug\drawing3d.tlog\cl.read.1.tlog
c:\users\pc\desktop\directx11\study\phantasiadx11\drawing3d\debug\drawing3d.tlog\cl.write.1.tlog
c:\users\pc\desktop\directx11\study\phantasiadx11\drawing3d\debug\drawing3d.tlog\drawing3d.write.1u.tlog
c:\users\pc\desktop\directx11\study\phantasiadx11\drawing3d\debug\drawing3d.tlog\fxc.command.1.tlog
c:\users\pc\desktop\directx11\study\phantasiadx11\drawing3d\debug\drawing3d.tlog\fxc.read.1.tlog
c:\users\pc\desktop\directx11\study\phantasiadx11\drawing3d\debug\drawing3d.tlog\fxc.write.1.tlog
c:\users\pc\desktop\directx11\study\phantasiadx11\drawing3d\debug\drawing3d.tlog\link.command.1.tlog
c:\users\pc\desktop\directx11\study\phantasiadx11\drawing3d\debug\drawing3d.tlog\link.read.1.tlog
c:\users\pc\desktop\directx11\study\phantasiadx11\drawing3d\debug\drawing3d.tlog\link.write.1.tlog
