c:\users\pc\desktop\directx11\study\phantasiadx11\crate\debug\vc140.pdb
c:\users\pc\desktop\directx11\study\phantasiadx11\crate\debug\vc140.idb
c:\users\pc\desktop\directx11\study\phantasiadx11\crate\debug\camera.obj
c:\users\pc\desktop\directx11\study\phantasiadx11\crate\debug\d3dapp.obj
c:\users\pc\desktop\directx11\study\phantasiadx11\crate\debug\d3dutil.obj
c:\users\pc\desktop\directx11\study\phantasiadx11\crate\debug\dxerr.obj
c:\users\pc\desktop\directx11\study\phantasiadx11\crate\debug\gametimer.obj
c:\users\pc\desktop\directx11\study\phantasiadx11\crate\debug\geometrygenerator.obj
c:\users\pc\desktop\directx11\study\phantasiadx11\crate\debug\lighthelper.obj
c:\users\pc\desktop\directx11\study\phantasiadx11\crate\debug\mathhelper.obj
c:\users\pc\desktop\directx11\study\phantasiadx11\crate\debug\texturemgr.obj
c:\users\pc\desktop\directx11\study\phantasiadx11\crate\debug\waves.obj
c:\users\pc\desktop\directx11\study\phantasiadx11\crate\debug\xnacollision.obj
c:\users\pc\desktop\directx11\study\phantasiadx11\crate\debug\cratedemo.obj
c:\users\pc\desktop\directx11\study\phantasiadx11\crate\debug\effects.obj
c:\users\pc\desktop\directx11\study\phantasiadx11\crate\debug\vertex.obj
c:\users\pc\desktop\directx11\study\phantasiadx11\crate\fx\basic.fxo
c:\users\pc\desktop\directx11\study\phantasiadx11\debug\crate.ilk
c:\users\pc\desktop\directx11\study\phantasiadx11\debug\crate.exe
c:\users\pc\desktop\directx11\study\phantasiadx11\debug\crate.pdb
c:\users\pc\desktop\directx11\study\phantasiadx11\crate\debug\crate.tlog\cl.command.1.tlog
c:\users\pc\desktop\directx11\study\phantasiadx11\crate\debug\crate.tlog\cl.read.1.tlog
c:\users\pc\desktop\directx11\study\phantasiadx11\crate\debug\crate.tlog\cl.write.1.tlog
c:\users\pc\desktop\directx11\study\phantasiadx11\crate\debug\crate.tlog\custombuild.command.1.tlog
c:\users\pc\desktop\directx11\study\phantasiadx11\crate\debug\crate.tlog\custombuild.read.1.tlog
c:\users\pc\desktop\directx11\study\phantasiadx11\crate\debug\crate.tlog\custombuild.write.1.tlog
c:\users\pc\desktop\directx11\study\phantasiadx11\crate\debug\crate.tlog\link.command.1.tlog
c:\users\pc\desktop\directx11\study\phantasiadx11\crate\debug\crate.tlog\link.read.1.tlog
c:\users\pc\desktop\directx11\study\phantasiadx11\crate\debug\crate.tlog\link.write.1.tlog
