c:\users\pc\desktop\directx11\study\phantasiadx11\camera\debug\vc140.pdb
c:\users\pc\desktop\directx11\study\phantasiadx11\camera\debug\vc140.idb
c:\users\pc\desktop\directx11\study\phantasiadx11\camera\debug\camera.obj
c:\users\pc\desktop\directx11\study\phantasiadx11\camera\debug\d3dapp.obj
c:\users\pc\desktop\directx11\study\phantasiadx11\camera\debug\d3dutil.obj
c:\users\pc\desktop\directx11\study\phantasiadx11\camera\debug\dxerr.obj
c:\users\pc\desktop\directx11\study\phantasiadx11\camera\debug\gametimer.obj
c:\users\pc\desktop\directx11\study\phantasiadx11\camera\debug\geometrygenerator.obj
c:\users\pc\desktop\directx11\study\phantasiadx11\camera\debug\lighthelper.obj
c:\users\pc\desktop\directx11\study\phantasiadx11\camera\debug\mathhelper.obj
c:\users\pc\desktop\directx11\study\phantasiadx11\camera\debug\texturemgr.obj
c:\users\pc\desktop\directx11\study\phantasiadx11\camera\debug\waves.obj
c:\users\pc\desktop\directx11\study\phantasiadx11\camera\debug\xnacollision.obj
c:\users\pc\desktop\directx11\study\phantasiadx11\camera\debug\camerademo.obj
c:\users\pc\desktop\directx11\study\phantasiadx11\camera\debug\effects.obj
c:\users\pc\desktop\directx11\study\phantasiadx11\camera\debug\renderstates.obj
c:\users\pc\desktop\directx11\study\phantasiadx11\camera\debug\vertex.obj
c:\users\pc\desktop\directx11\study\phantasiadx11\camera\fx\basic.fxo
c:\users\pc\desktop\directx11\study\phantasiadx11\debug\camera.ilk
c:\users\pc\desktop\directx11\study\phantasiadx11\debug\camera.exe
c:\users\pc\desktop\directx11\study\phantasiadx11\debug\camera.pdb
c:\users\pc\desktop\directx11\study\phantasiadx11\camera\debug\camera.tlog\cl.command.1.tlog
c:\users\pc\desktop\directx11\study\phantasiadx11\camera\debug\camera.tlog\cl.read.1.tlog
c:\users\pc\desktop\directx11\study\phantasiadx11\camera\debug\camera.tlog\cl.write.1.tlog
c:\users\pc\desktop\directx11\study\phantasiadx11\camera\debug\camera.tlog\custombuild.command.1.tlog
c:\users\pc\desktop\directx11\study\phantasiadx11\camera\debug\camera.tlog\custombuild.read.1.tlog
c:\users\pc\desktop\directx11\study\phantasiadx11\camera\debug\camera.tlog\custombuild.write.1.tlog
c:\users\pc\desktop\directx11\study\phantasiadx11\camera\debug\camera.tlog\link.command.1.tlog
c:\users\pc\desktop\directx11\study\phantasiadx11\camera\debug\camera.tlog\link.read.1.tlog
c:\users\pc\desktop\directx11\study\phantasiadx11\camera\debug\camera.tlog\link.write.1.tlog
