c:\users\pc\desktop\directx11\study\phantasiadx11\cubemap\debug\vc140.pdb
c:\users\pc\desktop\directx11\study\phantasiadx11\cubemap\debug\vc140.idb
c:\users\pc\desktop\directx11\study\phantasiadx11\cubemap\debug\camera.obj
c:\users\pc\desktop\directx11\study\phantasiadx11\cubemap\debug\d3dapp.obj
c:\users\pc\desktop\directx11\study\phantasiadx11\cubemap\debug\d3dutil.obj
c:\users\pc\desktop\directx11\study\phantasiadx11\cubemap\debug\dxerr.obj
c:\users\pc\desktop\directx11\study\phantasiadx11\cubemap\debug\gametimer.obj
c:\users\pc\desktop\directx11\study\phantasiadx11\cubemap\debug\geometrygenerator.obj
c:\users\pc\desktop\directx11\study\phantasiadx11\cubemap\debug\lighthelper.obj
c:\users\pc\desktop\directx11\study\phantasiadx11\cubemap\debug\mathhelper.obj
c:\users\pc\desktop\directx11\study\phantasiadx11\cubemap\debug\texturemgr.obj
c:\users\pc\desktop\directx11\study\phantasiadx11\cubemap\debug\waves.obj
c:\users\pc\desktop\directx11\study\phantasiadx11\cubemap\debug\xnacollision.obj
c:\users\pc\desktop\directx11\study\phantasiadx11\cubemap\debug\cubemapdemo.obj
c:\users\pc\desktop\directx11\study\phantasiadx11\cubemap\debug\effects.obj
c:\users\pc\desktop\directx11\study\phantasiadx11\cubemap\debug\renderstates.obj
c:\users\pc\desktop\directx11\study\phantasiadx11\cubemap\debug\sky.obj
c:\users\pc\desktop\directx11\study\phantasiadx11\cubemap\debug\vertex.obj
c:\users\pc\desktop\directx11\study\phantasiadx11\cubemap\fx\basic.fxo
c:\users\pc\desktop\directx11\study\phantasiadx11\cubemap\fx\sky.fxo
c:\users\pc\desktop\directx11\study\phantasiadx11\debug\cubemap.ilk
c:\users\pc\desktop\directx11\study\phantasiadx11\debug\cubemap.exe
c:\users\pc\desktop\directx11\study\phantasiadx11\debug\cubemap.pdb
c:\users\pc\desktop\directx11\study\phantasiadx11\cubemap\debug\cubemap.tlog\cl.command.1.tlog
c:\users\pc\desktop\directx11\study\phantasiadx11\cubemap\debug\cubemap.tlog\cl.read.1.tlog
c:\users\pc\desktop\directx11\study\phantasiadx11\cubemap\debug\cubemap.tlog\cl.write.1.tlog
c:\users\pc\desktop\directx11\study\phantasiadx11\cubemap\debug\cubemap.tlog\custombuild.command.1.tlog
c:\users\pc\desktop\directx11\study\phantasiadx11\cubemap\debug\cubemap.tlog\custombuild.read.1.tlog
c:\users\pc\desktop\directx11\study\phantasiadx11\cubemap\debug\cubemap.tlog\custombuild.write.1.tlog
c:\users\pc\desktop\directx11\study\phantasiadx11\cubemap\debug\cubemap.tlog\link.command.1.tlog
c:\users\pc\desktop\directx11\study\phantasiadx11\cubemap\debug\cubemap.tlog\link.read.1.tlog
c:\users\pc\desktop\directx11\study\phantasiadx11\cubemap\debug\cubemap.tlog\link.write.1.tlog
