c:\users\pc\desktop\directx11\study\phantasiadx11\blenddemo\debug\vc140.pdb
c:\users\pc\desktop\directx11\study\phantasiadx11\blenddemo\debug\vc140.idb
c:\users\pc\desktop\directx11\study\phantasiadx11\blenddemo\debug\camera.obj
c:\users\pc\desktop\directx11\study\phantasiadx11\blenddemo\debug\d3dapp.obj
c:\users\pc\desktop\directx11\study\phantasiadx11\blenddemo\debug\d3dutil.obj
c:\users\pc\desktop\directx11\study\phantasiadx11\blenddemo\debug\dxerr.obj
c:\users\pc\desktop\directx11\study\phantasiadx11\blenddemo\debug\gametimer.obj
c:\users\pc\desktop\directx11\study\phantasiadx11\blenddemo\debug\geometrygenerator.obj
c:\users\pc\desktop\directx11\study\phantasiadx11\blenddemo\debug\lighthelper.obj
c:\users\pc\desktop\directx11\study\phantasiadx11\blenddemo\debug\mathhelper.obj
c:\users\pc\desktop\directx11\study\phantasiadx11\blenddemo\debug\texturemgr.obj
c:\users\pc\desktop\directx11\study\phantasiadx11\blenddemo\debug\waves.obj
c:\users\pc\desktop\directx11\study\phantasiadx11\blenddemo\debug\xnacollision.obj
c:\users\pc\desktop\directx11\study\phantasiadx11\blenddemo\debug\blenddemo.obj
c:\users\pc\desktop\directx11\study\phantasiadx11\blenddemo\debug\effects.obj
c:\users\pc\desktop\directx11\study\phantasiadx11\blenddemo\debug\renderstate.obj
c:\users\pc\desktop\directx11\study\phantasiadx11\blenddemo\debug\vertex.obj
c:\users\pc\desktop\directx11\study\phantasiadx11\blenddemo\fx\basic.fxo
c:\users\pc\desktop\directx11\study\phantasiadx11\debug\blenddemo.ilk
c:\users\pc\desktop\directx11\study\phantasiadx11\debug\blenddemo.exe
c:\users\pc\desktop\directx11\study\phantasiadx11\debug\blenddemo.pdb
c:\users\pc\desktop\directx11\study\phantasiadx11\blenddemo\debug\blenddemo.tlog\cl.command.1.tlog
c:\users\pc\desktop\directx11\study\phantasiadx11\blenddemo\debug\blenddemo.tlog\cl.read.1.tlog
c:\users\pc\desktop\directx11\study\phantasiadx11\blenddemo\debug\blenddemo.tlog\cl.write.1.tlog
c:\users\pc\desktop\directx11\study\phantasiadx11\blenddemo\debug\blenddemo.tlog\custombuild.command.1.tlog
c:\users\pc\desktop\directx11\study\phantasiadx11\blenddemo\debug\blenddemo.tlog\custombuild.read.1.tlog
c:\users\pc\desktop\directx11\study\phantasiadx11\blenddemo\debug\blenddemo.tlog\custombuild.write.1.tlog
c:\users\pc\desktop\directx11\study\phantasiadx11\blenddemo\debug\blenddemo.tlog\link.command.1.tlog
c:\users\pc\desktop\directx11\study\phantasiadx11\blenddemo\debug\blenddemo.tlog\link.read.1.tlog
c:\users\pc\desktop\directx11\study\phantasiadx11\blenddemo\debug\blenddemo.tlog\link.write.1.tlog
