c:\users\pc\desktop\directx11\study\phantasiadx11\meshview\debug\vc140.pdb
c:\users\pc\desktop\directx11\study\phantasiadx11\meshview\debug\vc140.idb
c:\users\pc\desktop\directx11\study\phantasiadx11\meshview\debug\d3dapp.obj
c:\users\pc\desktop\directx11\study\phantasiadx11\meshview\debug\d3dutil.obj
c:\users\pc\desktop\directx11\study\phantasiadx11\meshview\debug\dxerr.obj
c:\users\pc\desktop\directx11\study\phantasiadx11\meshview\debug\gametimer.obj
c:\users\pc\desktop\directx11\study\phantasiadx11\meshview\debug\geometrygenerator.obj
c:\users\pc\desktop\directx11\study\phantasiadx11\meshview\debug\lighthelper.obj
c:\users\pc\desktop\directx11\study\phantasiadx11\meshview\debug\mathhelper.obj
c:\users\pc\desktop\directx11\study\phantasiadx11\meshview\debug\texturemgr.obj
c:\users\pc\desktop\directx11\study\phantasiadx11\meshview\debug\waves.obj
c:\users\pc\desktop\directx11\study\phantasiadx11\meshview\debug\xnacollision.obj
c:\users\pc\desktop\directx11\study\phantasiadx11\meshview\debug\basicmodel.obj
c:\users\pc\desktop\directx11\study\phantasiadx11\meshview\debug\effects.obj
c:\users\pc\desktop\directx11\study\phantasiadx11\meshview\debug\loadm3d.obj
c:\users\pc\desktop\directx11\study\phantasiadx11\meshview\debug\meshgeometry.obj
c:\users\pc\desktop\directx11\study\phantasiadx11\meshview\debug\meshviewdemo.obj
c:\users\pc\desktop\directx11\study\phantasiadx11\meshview\debug\renderstates.obj
c:\users\pc\desktop\directx11\study\phantasiadx11\meshview\debug\shadowmap.obj
c:\users\pc\desktop\directx11\study\phantasiadx11\meshview\debug\sky.obj
c:\users\pc\desktop\directx11\study\phantasiadx11\meshview\debug\ssao.obj
c:\users\pc\desktop\directx11\study\phantasiadx11\meshview\debug\vertex.obj
c:\users\pc\desktop\directx11\study\phantasiadx11\meshview\debug\camera.obj
c:\users\pc\desktop\directx11\study\phantasiadx11\meshview\fx\basic.fxo
c:\users\pc\desktop\directx11\study\phantasiadx11\meshview\fx\buildshadowmap.fxo
c:\users\pc\desktop\directx11\study\phantasiadx11\meshview\fx\debugtexture.fxo
c:\users\pc\desktop\directx11\study\phantasiadx11\meshview\fx\normalmap.fxo
c:\users\pc\desktop\directx11\study\phantasiadx11\meshview\fx\sky.fxo
c:\users\pc\desktop\directx11\study\phantasiadx11\meshview\fx\ssao.fxo
c:\users\pc\desktop\directx11\study\phantasiadx11\meshview\fx\ssaoblur.fxo
c:\users\pc\desktop\directx11\study\phantasiadx11\meshview\fx\ssaonormaldepth.fxo
c:\users\pc\desktop\directx11\study\phantasiadx11\debug\meshview.ilk
c:\users\pc\desktop\directx11\study\phantasiadx11\debug\meshview.exe
c:\users\pc\desktop\directx11\study\phantasiadx11\debug\meshview.pdb
c:\users\pc\desktop\directx11\study\phantasiadx11\meshview\debug\meshview.tlog\cl.command.1.tlog
c:\users\pc\desktop\directx11\study\phantasiadx11\meshview\debug\meshview.tlog\cl.read.1.tlog
c:\users\pc\desktop\directx11\study\phantasiadx11\meshview\debug\meshview.tlog\cl.write.1.tlog
c:\users\pc\desktop\directx11\study\phantasiadx11\meshview\debug\meshview.tlog\custombuild.command.1.tlog
c:\users\pc\desktop\directx11\study\phantasiadx11\meshview\debug\meshview.tlog\custombuild.read.1.tlog
c:\users\pc\desktop\directx11\study\phantasiadx11\meshview\debug\meshview.tlog\custombuild.write.1.tlog
c:\users\pc\desktop\directx11\study\phantasiadx11\meshview\debug\meshview.tlog\link.command.1.tlog
c:\users\pc\desktop\directx11\study\phantasiadx11\meshview\debug\meshview.tlog\link.read.1.tlog
c:\users\pc\desktop\directx11\study\phantasiadx11\meshview\debug\meshview.tlog\link.write.1.tlog
