c:\users\pc\desktop\directx11\study\phantasiadx11\instancingandculling\debug\vc140.pdb
c:\users\pc\desktop\directx11\study\phantasiadx11\instancingandculling\debug\vc140.idb
c:\users\pc\desktop\directx11\study\phantasiadx11\instancingandculling\debug\effects.obj
c:\users\pc\desktop\directx11\study\phantasiadx11\instancingandculling\debug\instancingandcullingdemo.obj
c:\users\pc\desktop\directx11\study\phantasiadx11\instancingandculling\debug\renderstates.obj
c:\users\pc\desktop\directx11\study\phantasiadx11\instancingandculling\debug\vertex.obj
c:\users\pc\desktop\directx11\study\phantasiadx11\instancingandculling\debug\camera.obj
c:\users\pc\desktop\directx11\study\phantasiadx11\instancingandculling\debug\d3dapp.obj
c:\users\pc\desktop\directx11\study\phantasiadx11\instancingandculling\debug\d3dutil.obj
c:\users\pc\desktop\directx11\study\phantasiadx11\instancingandculling\debug\dxerr.obj
c:\users\pc\desktop\directx11\study\phantasiadx11\instancingandculling\debug\gametimer.obj
c:\users\pc\desktop\directx11\study\phantasiadx11\instancingandculling\debug\geometrygenerator.obj
c:\users\pc\desktop\directx11\study\phantasiadx11\instancingandculling\debug\lighthelper.obj
c:\users\pc\desktop\directx11\study\phantasiadx11\instancingandculling\debug\mathhelper.obj
c:\users\pc\desktop\directx11\study\phantasiadx11\instancingandculling\debug\texturemgr.obj
c:\users\pc\desktop\directx11\study\phantasiadx11\instancingandculling\debug\waves.obj
c:\users\pc\desktop\directx11\study\phantasiadx11\instancingandculling\debug\xnacollision.obj
c:\users\pc\desktop\directx11\study\phantasiadx11\instancingandculling\fx\instancedbasic.fxo
c:\users\pc\desktop\directx11\study\phantasiadx11\debug\instancingandculling.ilk
c:\users\pc\desktop\directx11\study\phantasiadx11\debug\instancingandculling.exe
c:\users\pc\desktop\directx11\study\phantasiadx11\debug\instancingandculling.pdb
c:\users\pc\desktop\directx11\study\phantasiadx11\instancingandculling\debug\instanci.30ffc3aa.tlog\cl.command.1.tlog
c:\users\pc\desktop\directx11\study\phantasiadx11\instancingandculling\debug\instanci.30ffc3aa.tlog\cl.read.1.tlog
c:\users\pc\desktop\directx11\study\phantasiadx11\instancingandculling\debug\instanci.30ffc3aa.tlog\cl.write.1.tlog
c:\users\pc\desktop\directx11\study\phantasiadx11\instancingandculling\debug\instanci.30ffc3aa.tlog\custombuild.command.1.tlog
c:\users\pc\desktop\directx11\study\phantasiadx11\instancingandculling\debug\instanci.30ffc3aa.tlog\custombuild.read.1.tlog
c:\users\pc\desktop\directx11\study\phantasiadx11\instancingandculling\debug\instanci.30ffc3aa.tlog\custombuild.write.1.tlog
c:\users\pc\desktop\directx11\study\phantasiadx11\instancingandculling\debug\instanci.30ffc3aa.tlog\link.command.1.tlog
c:\users\pc\desktop\directx11\study\phantasiadx11\instancingandculling\debug\instanci.30ffc3aa.tlog\link.read.1.tlog
c:\users\pc\desktop\directx11\study\phantasiadx11\instancingandculling\debug\instanci.30ffc3aa.tlog\link.write.1.tlog
