c:\users\pc\desktop\directx11\study\phantasiadx11\normaldisplacementmap\debug\vc140.pdb
c:\users\pc\desktop\directx11\study\phantasiadx11\normaldisplacementmap\debug\vc140.idb
c:\users\pc\desktop\directx11\study\phantasiadx11\normaldisplacementmap\debug\camera.obj
c:\users\pc\desktop\directx11\study\phantasiadx11\normaldisplacementmap\debug\d3dapp.obj
c:\users\pc\desktop\directx11\study\phantasiadx11\normaldisplacementmap\debug\d3dutil.obj
c:\users\pc\desktop\directx11\study\phantasiadx11\normaldisplacementmap\debug\dxerr.obj
c:\users\pc\desktop\directx11\study\phantasiadx11\normaldisplacementmap\debug\gametimer.obj
c:\users\pc\desktop\directx11\study\phantasiadx11\normaldisplacementmap\debug\geometrygenerator.obj
c:\users\pc\desktop\directx11\study\phantasiadx11\normaldisplacementmap\debug\lighthelper.obj
c:\users\pc\desktop\directx11\study\phantasiadx11\normaldisplacementmap\debug\mathhelper.obj
c:\users\pc\desktop\directx11\study\phantasiadx11\normaldisplacementmap\debug\texturemgr.obj
c:\users\pc\desktop\directx11\study\phantasiadx11\normaldisplacementmap\debug\waves.obj
c:\users\pc\desktop\directx11\study\phantasiadx11\normaldisplacementmap\debug\xnacollision.obj
c:\users\pc\desktop\directx11\study\phantasiadx11\normaldisplacementmap\debug\effects.obj
c:\users\pc\desktop\directx11\study\phantasiadx11\normaldisplacementmap\debug\normaldisplacementmapdemo.obj
c:\users\pc\desktop\directx11\study\phantasiadx11\normaldisplacementmap\debug\renderstates.obj
c:\users\pc\desktop\directx11\study\phantasiadx11\normaldisplacementmap\debug\sky.obj
c:\users\pc\desktop\directx11\study\phantasiadx11\normaldisplacementmap\debug\vertex.obj
c:\users\pc\desktop\directx11\study\phantasiadx11\normaldisplacementmap\fx\basic.fxo
c:\users\pc\desktop\directx11\study\phantasiadx11\normaldisplacementmap\fx\displacementmap.fxo
c:\users\pc\desktop\directx11\study\phantasiadx11\normaldisplacementmap\fx\normalmap.fxo
c:\users\pc\desktop\directx11\study\phantasiadx11\normaldisplacementmap\fx\sky.fxo
c:\users\pc\desktop\directx11\study\phantasiadx11\debug\normaldisplacementmap.ilk
c:\users\pc\desktop\directx11\study\phantasiadx11\debug\normaldisplacementmap.exe
c:\users\pc\desktop\directx11\study\phantasiadx11\debug\normaldisplacementmap.pdb
c:\users\pc\desktop\directx11\study\phantasiadx11\normaldisplacementmap\debug\normaldi.8d3f4f86.tlog\cl.command.1.tlog
c:\users\pc\desktop\directx11\study\phantasiadx11\normaldisplacementmap\debug\normaldi.8d3f4f86.tlog\cl.read.1.tlog
c:\users\pc\desktop\directx11\study\phantasiadx11\normaldisplacementmap\debug\normaldi.8d3f4f86.tlog\cl.write.1.tlog
c:\users\pc\desktop\directx11\study\phantasiadx11\normaldisplacementmap\debug\normaldi.8d3f4f86.tlog\custombuild.command.1.tlog
c:\users\pc\desktop\directx11\study\phantasiadx11\normaldisplacementmap\debug\normaldi.8d3f4f86.tlog\custombuild.read.1.tlog
c:\users\pc\desktop\directx11\study\phantasiadx11\normaldisplacementmap\debug\normaldi.8d3f4f86.tlog\custombuild.write.1.tlog
c:\users\pc\desktop\directx11\study\phantasiadx11\normaldisplacementmap\debug\normaldi.8d3f4f86.tlog\link.command.1.tlog
c:\users\pc\desktop\directx11\study\phantasiadx11\normaldisplacementmap\debug\normaldi.8d3f4f86.tlog\link.read.1.tlog
c:\users\pc\desktop\directx11\study\phantasiadx11\normaldisplacementmap\debug\normaldi.8d3f4f86.tlog\link.write.1.tlog
