c:\users\pc\desktop\directx11\study\phantasiadx11\vecadd\debug\vc140.pdb
c:\users\pc\desktop\directx11\study\phantasiadx11\vecadd\debug\vc140.idb
c:\users\pc\desktop\directx11\study\phantasiadx11\vecadd\debug\camera.obj
c:\users\pc\desktop\directx11\study\phantasiadx11\vecadd\debug\d3dapp.obj
c:\users\pc\desktop\directx11\study\phantasiadx11\vecadd\debug\d3dutil.obj
c:\users\pc\desktop\directx11\study\phantasiadx11\vecadd\debug\dxerr.obj
c:\users\pc\desktop\directx11\study\phantasiadx11\vecadd\debug\gametimer.obj
c:\users\pc\desktop\directx11\study\phantasiadx11\vecadd\debug\geometrygenerator.obj
c:\users\pc\desktop\directx11\study\phantasiadx11\vecadd\debug\lighthelper.obj
c:\users\pc\desktop\directx11\study\phantasiadx11\vecadd\debug\mathhelper.obj
c:\users\pc\desktop\directx11\study\phantasiadx11\vecadd\debug\texturemgr.obj
c:\users\pc\desktop\directx11\study\phantasiadx11\vecadd\debug\waves.obj
c:\users\pc\desktop\directx11\study\phantasiadx11\vecadd\debug\xnacollision.obj
c:\users\pc\desktop\directx11\study\phantasiadx11\vecadd\debug\effects.obj
c:\users\pc\desktop\directx11\study\phantasiadx11\vecadd\debug\renderstates.obj
c:\users\pc\desktop\directx11\study\phantasiadx11\vecadd\debug\vecadddemo.obj
c:\users\pc\desktop\directx11\study\phantasiadx11\vecadd\debug\vertex.obj
c:\users\pc\desktop\directx11\study\phantasiadx11\vecadd\fx\basic.fxo
c:\users\pc\desktop\directx11\study\phantasiadx11\vecadd\fx\vecadd.fxo
c:\users\pc\desktop\directx11\study\phantasiadx11\debug\vecadd.ilk
c:\users\pc\desktop\directx11\study\phantasiadx11\debug\vecadd.exe
c:\users\pc\desktop\directx11\study\phantasiadx11\debug\vecadd.pdb
c:\users\pc\desktop\directx11\study\phantasiadx11\vecadd\debug\vecadd.tlog\cl.command.1.tlog
c:\users\pc\desktop\directx11\study\phantasiadx11\vecadd\debug\vecadd.tlog\cl.read.1.tlog
c:\users\pc\desktop\directx11\study\phantasiadx11\vecadd\debug\vecadd.tlog\cl.write.1.tlog
c:\users\pc\desktop\directx11\study\phantasiadx11\vecadd\debug\vecadd.tlog\custombuild.command.1.tlog
c:\users\pc\desktop\directx11\study\phantasiadx11\vecadd\debug\vecadd.tlog\custombuild.read.1.tlog
c:\users\pc\desktop\directx11\study\phantasiadx11\vecadd\debug\vecadd.tlog\custombuild.write.1.tlog
c:\users\pc\desktop\directx11\study\phantasiadx11\vecadd\debug\vecadd.tlog\link.command.1.tlog
c:\users\pc\desktop\directx11\study\phantasiadx11\vecadd\debug\vecadd.tlog\link.read.1.tlog
c:\users\pc\desktop\directx11\study\phantasiadx11\vecadd\debug\vecadd.tlog\link.write.1.tlog
