c:\users\pc\desktop\directx11\study\phantasiadx11\treebillboard\debug\vc140.pdb
c:\users\pc\desktop\directx11\study\phantasiadx11\treebillboard\debug\vc140.idb
c:\users\pc\desktop\directx11\study\phantasiadx11\treebillboard\debug\camera.obj
c:\users\pc\desktop\directx11\study\phantasiadx11\treebillboard\debug\d3dapp.obj
c:\users\pc\desktop\directx11\study\phantasiadx11\treebillboard\debug\d3dutil.obj
c:\users\pc\desktop\directx11\study\phantasiadx11\treebillboard\debug\dxerr.obj
c:\users\pc\desktop\directx11\study\phantasiadx11\treebillboard\debug\gametimer.obj
c:\users\pc\desktop\directx11\study\phantasiadx11\treebillboard\debug\geometrygenerator.obj
c:\users\pc\desktop\directx11\study\phantasiadx11\treebillboard\debug\lighthelper.obj
c:\users\pc\desktop\directx11\study\phantasiadx11\treebillboard\debug\mathhelper.obj
c:\users\pc\desktop\directx11\study\phantasiadx11\treebillboard\debug\texturemgr.obj
c:\users\pc\desktop\directx11\study\phantasiadx11\treebillboard\debug\waves.obj
c:\users\pc\desktop\directx11\study\phantasiadx11\treebillboard\debug\xnacollision.obj
c:\users\pc\desktop\directx11\study\phantasiadx11\treebillboard\debug\effects.obj
c:\users\pc\desktop\directx11\study\phantasiadx11\treebillboard\debug\renderstates.obj
c:\users\pc\desktop\directx11\study\phantasiadx11\treebillboard\debug\treebillboarddemo.obj
c:\users\pc\desktop\directx11\study\phantasiadx11\treebillboard\debug\vertex.obj
c:\users\pc\desktop\directx11\study\phantasiadx11\treebillboard\fx\basic.fxo
c:\users\pc\desktop\directx11\study\phantasiadx11\treebillboard\fx\treesprite.fxo
c:\users\pc\desktop\directx11\study\phantasiadx11\debug\treebillboard.ilk
c:\users\pc\desktop\directx11\study\phantasiadx11\debug\treebillboard.exe
c:\users\pc\desktop\directx11\study\phantasiadx11\debug\treebillboard.pdb
c:\users\pc\desktop\directx11\study\phantasiadx11\treebillboard\debug\treebillboard.tlog\cl.command.1.tlog
c:\users\pc\desktop\directx11\study\phantasiadx11\treebillboard\debug\treebillboard.tlog\cl.read.1.tlog
c:\users\pc\desktop\directx11\study\phantasiadx11\treebillboard\debug\treebillboard.tlog\cl.write.1.tlog
c:\users\pc\desktop\directx11\study\phantasiadx11\treebillboard\debug\treebillboard.tlog\custombuild.command.1.tlog
c:\users\pc\desktop\directx11\study\phantasiadx11\treebillboard\debug\treebillboard.tlog\custombuild.read.1.tlog
c:\users\pc\desktop\directx11\study\phantasiadx11\treebillboard\debug\treebillboard.tlog\custombuild.write.1.tlog
c:\users\pc\desktop\directx11\study\phantasiadx11\treebillboard\debug\treebillboard.tlog\link.command.1.tlog
c:\users\pc\desktop\directx11\study\phantasiadx11\treebillboard\debug\treebillboard.tlog\link.read.1.tlog
c:\users\pc\desktop\directx11\study\phantasiadx11\treebillboard\debug\treebillboard.tlog\link.write.1.tlog
