c:\users\pc\desktop\directx11\study\phantasiadx11\blur\debug\vc140.pdb
c:\users\pc\desktop\directx11\study\phantasiadx11\blur\debug\vc140.idb
c:\users\pc\desktop\directx11\study\phantasiadx11\blur\debug\camera.obj
c:\users\pc\desktop\directx11\study\phantasiadx11\blur\debug\d3dapp.obj
c:\users\pc\desktop\directx11\study\phantasiadx11\blur\debug\d3dutil.obj
c:\users\pc\desktop\directx11\study\phantasiadx11\blur\debug\dxerr.obj
c:\users\pc\desktop\directx11\study\phantasiadx11\blur\debug\gametimer.obj
c:\users\pc\desktop\directx11\study\phantasiadx11\blur\debug\geometrygenerator.obj
c:\users\pc\desktop\directx11\study\phantasiadx11\blur\debug\lighthelper.obj
c:\users\pc\desktop\directx11\study\phantasiadx11\blur\debug\mathhelper.obj
c:\users\pc\desktop\directx11\study\phantasiadx11\blur\debug\texturemgr.obj
c:\users\pc\desktop\directx11\study\phantasiadx11\blur\debug\waves.obj
c:\users\pc\desktop\directx11\study\phantasiadx11\blur\debug\xnacollision.obj
c:\users\pc\desktop\directx11\study\phantasiadx11\blur\debug\blur.obj
c:\users\pc\desktop\directx11\study\phantasiadx11\blur\debug\blurfilter.obj
c:\users\pc\desktop\directx11\study\phantasiadx11\blur\debug\effects.obj
c:\users\pc\desktop\directx11\study\phantasiadx11\blur\debug\renderstates.obj
c:\users\pc\desktop\directx11\study\phantasiadx11\blur\debug\vertex.obj
c:\users\pc\desktop\directx11\study\phantasiadx11\blur\fx\basic.fxo
c:\users\pc\desktop\directx11\study\phantasiadx11\blur\fx\blur.fxo
c:\users\pc\desktop\directx11\study\phantasiadx11\debug\blur.ilk
c:\users\pc\desktop\directx11\study\phantasiadx11\debug\blur.exe
c:\users\pc\desktop\directx11\study\phantasiadx11\debug\blur.pdb
c:\users\pc\desktop\directx11\study\phantasiadx11\blur\debug\blur.tlog\cl.command.1.tlog
c:\users\pc\desktop\directx11\study\phantasiadx11\blur\debug\blur.tlog\cl.read.1.tlog
c:\users\pc\desktop\directx11\study\phantasiadx11\blur\debug\blur.tlog\cl.write.1.tlog
c:\users\pc\desktop\directx11\study\phantasiadx11\blur\debug\blur.tlog\custombuild.command.1.tlog
c:\users\pc\desktop\directx11\study\phantasiadx11\blur\debug\blur.tlog\custombuild.read.1.tlog
c:\users\pc\desktop\directx11\study\phantasiadx11\blur\debug\blur.tlog\custombuild.write.1.tlog
c:\users\pc\desktop\directx11\study\phantasiadx11\blur\debug\blur.tlog\link.command.1.tlog
c:\users\pc\desktop\directx11\study\phantasiadx11\blur\debug\blur.tlog\link.read.1.tlog
c:\users\pc\desktop\directx11\study\phantasiadx11\blur\debug\blur.tlog\link.write.1.tlog
