c:\users\pc\desktop\directx11\study\phantasiadx11\basictessellation\debug\vc140.pdb
c:\users\pc\desktop\directx11\study\phantasiadx11\basictessellation\debug\vc140.idb
c:\users\pc\desktop\directx11\study\phantasiadx11\basictessellation\debug\camera.obj
c:\users\pc\desktop\directx11\study\phantasiadx11\basictessellation\debug\d3dapp.obj
c:\users\pc\desktop\directx11\study\phantasiadx11\basictessellation\debug\d3dutil.obj
c:\users\pc\desktop\directx11\study\phantasiadx11\basictessellation\debug\dxerr.obj
c:\users\pc\desktop\directx11\study\phantasiadx11\basictessellation\debug\gametimer.obj
c:\users\pc\desktop\directx11\study\phantasiadx11\basictessellation\debug\geometrygenerator.obj
c:\users\pc\desktop\directx11\study\phantasiadx11\basictessellation\debug\lighthelper.obj
c:\users\pc\desktop\directx11\study\phantasiadx11\basictessellation\debug\mathhelper.obj
c:\users\pc\desktop\directx11\study\phantasiadx11\basictessellation\debug\texturemgr.obj
c:\users\pc\desktop\directx11\study\phantasiadx11\basictessellation\debug\waves.obj
c:\users\pc\desktop\directx11\study\phantasiadx11\basictessellation\debug\xnacollision.obj
c:\users\pc\desktop\directx11\study\phantasiadx11\basictessellation\debug\effects.obj
c:\users\pc\desktop\directx11\study\phantasiadx11\basictessellation\debug\renderstates.obj
c:\users\pc\desktop\directx11\study\phantasiadx11\basictessellation\debug\tessellation.obj
c:\users\pc\desktop\directx11\study\phantasiadx11\basictessellation\debug\vertex.obj
c:\users\pc\desktop\directx11\study\phantasiadx11\basictessellation\fx\basic.fxo
c:\users\pc\desktop\directx11\study\phantasiadx11\basictessellation\fx\blur.fxo
c:\users\pc\desktop\directx11\study\phantasiadx11\basictessellation\fx\tessellation.fxo
c:\users\pc\desktop\directx11\study\phantasiadx11\debug\basictessellation.ilk
c:\users\pc\desktop\directx11\study\phantasiadx11\debug\basictessellation.exe
c:\users\pc\desktop\directx11\study\phantasiadx11\debug\basictessellation.pdb
c:\users\pc\desktop\directx11\study\phantasiadx11\basictessellation\debug\basictes.57a5efe2.tlog\cl.command.1.tlog
c:\users\pc\desktop\directx11\study\phantasiadx11\basictessellation\debug\basictes.57a5efe2.tlog\cl.read.1.tlog
c:\users\pc\desktop\directx11\study\phantasiadx11\basictessellation\debug\basictes.57a5efe2.tlog\cl.write.1.tlog
c:\users\pc\desktop\directx11\study\phantasiadx11\basictessellation\debug\basictes.57a5efe2.tlog\custombuild.command.1.tlog
c:\users\pc\desktop\directx11\study\phantasiadx11\basictessellation\debug\basictes.57a5efe2.tlog\custombuild.read.1.tlog
c:\users\pc\desktop\directx11\study\phantasiadx11\basictessellation\debug\basictes.57a5efe2.tlog\custombuild.write.1.tlog
c:\users\pc\desktop\directx11\study\phantasiadx11\basictessellation\debug\basictes.57a5efe2.tlog\link.command.1.tlog
c:\users\pc\desktop\directx11\study\phantasiadx11\basictessellation\debug\basictes.57a5efe2.tlog\link.read.1.tlog
c:\users\pc\desktop\directx11\study\phantasiadx11\basictessellation\debug\basictes.57a5efe2.tlog\link.write.1.tlog
