c:\users\pc\desktop\directx11\study\phantasiadx11\init direct3d\debug\vc140.pdb
c:\users\pc\desktop\directx11\study\phantasiadx11\init direct3d\debug\vc140.idb
c:\users\pc\desktop\directx11\study\phantasiadx11\init direct3d\debug\camera.obj
c:\users\pc\desktop\directx11\study\phantasiadx11\init direct3d\debug\d3dapp.obj
c:\users\pc\desktop\directx11\study\phantasiadx11\init direct3d\debug\d3dutil.obj
c:\users\pc\desktop\directx11\study\phantasiadx11\init direct3d\debug\dxerr.obj
c:\users\pc\desktop\directx11\study\phantasiadx11\init direct3d\debug\gametimer.obj
c:\users\pc\desktop\directx11\study\phantasiadx11\init direct3d\debug\geometrygenerator.obj
c:\users\pc\desktop\directx11\study\phantasiadx11\init direct3d\debug\lighthelper.obj
c:\users\pc\desktop\directx11\study\phantasiadx11\init direct3d\debug\mathhelper.obj
c:\users\pc\desktop\directx11\study\phantasiadx11\init direct3d\debug\texturemgr.obj
c:\users\pc\desktop\directx11\study\phantasiadx11\init direct3d\debug\waves.obj
c:\users\pc\desktop\directx11\study\phantasiadx11\init direct3d\debug\xnacollision.obj
c:\users\pc\desktop\directx11\study\phantasiadx11\init direct3d\debug\init direct3d.obj
c:\users\pc\desktop\directx11\study\phantasiadx11\debug\init direct3d.ilk
c:\users\pc\desktop\directx11\study\phantasiadx11\debug\init direct3d.exe
c:\users\pc\desktop\directx11\study\phantasiadx11\debug\init direct3d.pdb
c:\users\pc\desktop\directx11\study\phantasiadx11\init direct3d\debug\init direct3d.tlog\cl.command.1.tlog
c:\users\pc\desktop\directx11\study\phantasiadx11\init direct3d\debug\init direct3d.tlog\cl.read.1.tlog
c:\users\pc\desktop\directx11\study\phantasiadx11\init direct3d\debug\init direct3d.tlog\cl.write.1.tlog
c:\users\pc\desktop\directx11\study\phantasiadx11\init direct3d\debug\init direct3d.tlog\link.command.1.tlog
c:\users\pc\desktop\directx11\study\phantasiadx11\init direct3d\debug\init direct3d.tlog\link.read.1.tlog
c:\users\pc\desktop\directx11\study\phantasiadx11\init direct3d\debug\init direct3d.tlog\link.write.1.tlog
