c:\users\pc\desktop\directx11\study\phantasiadx11\terrain\debug\vc140.pdb
c:\users\pc\desktop\directx11\study\phantasiadx11\terrain\debug\vc140.idb
c:\users\pc\desktop\directx11\study\phantasiadx11\terrain\debug\camera.obj
c:\users\pc\desktop\directx11\study\phantasiadx11\terrain\debug\d3dapp.obj
c:\users\pc\desktop\directx11\study\phantasiadx11\terrain\debug\d3dutil.obj
c:\users\pc\desktop\directx11\study\phantasiadx11\terrain\debug\dxerr.obj
c:\users\pc\desktop\directx11\study\phantasiadx11\terrain\debug\gametimer.obj
c:\users\pc\desktop\directx11\study\phantasiadx11\terrain\debug\geometrygenerator.obj
c:\users\pc\desktop\directx11\study\phantasiadx11\terrain\debug\lighthelper.obj
c:\users\pc\desktop\directx11\study\phantasiadx11\terrain\debug\mathhelper.obj
c:\users\pc\desktop\directx11\study\phantasiadx11\terrain\debug\texturemgr.obj
c:\users\pc\desktop\directx11\study\phantasiadx11\terrain\debug\waves.obj
c:\users\pc\desktop\directx11\study\phantasiadx11\terrain\debug\xnacollision.obj
c:\users\pc\desktop\directx11\study\phantasiadx11\terrain\debug\effects.obj
c:\users\pc\desktop\directx11\study\phantasiadx11\terrain\debug\renderstates.obj
c:\users\pc\desktop\directx11\study\phantasiadx11\terrain\debug\sky.obj
c:\users\pc\desktop\directx11\study\phantasiadx11\terrain\debug\terrain.obj
c:\users\pc\desktop\directx11\study\phantasiadx11\terrain\debug\terraindemo.obj
c:\users\pc\desktop\directx11\study\phantasiadx11\terrain\debug\vertex.obj
c:\users\pc\desktop\directx11\study\phantasiadx11\terrain\fx\basic.fxo
c:\users\pc\desktop\directx11\study\phantasiadx11\terrain\fx\sky.fxo
c:\users\pc\desktop\directx11\study\phantasiadx11\terrain\fx\terrain.fxo
c:\users\pc\desktop\directx11\study\phantasiadx11\debug\terrain.ilk
c:\users\pc\desktop\directx11\study\phantasiadx11\debug\terrain.exe
c:\users\pc\desktop\directx11\study\phantasiadx11\debug\terrain.pdb
c:\users\pc\desktop\directx11\study\phantasiadx11\terrain\debug\terrain.tlog\cl.command.1.tlog
c:\users\pc\desktop\directx11\study\phantasiadx11\terrain\debug\terrain.tlog\cl.read.1.tlog
c:\users\pc\desktop\directx11\study\phantasiadx11\terrain\debug\terrain.tlog\cl.write.1.tlog
c:\users\pc\desktop\directx11\study\phantasiadx11\terrain\debug\terrain.tlog\custombuild.command.1.tlog
c:\users\pc\desktop\directx11\study\phantasiadx11\terrain\debug\terrain.tlog\custombuild.read.1.tlog
c:\users\pc\desktop\directx11\study\phantasiadx11\terrain\debug\terrain.tlog\custombuild.write.1.tlog
c:\users\pc\desktop\directx11\study\phantasiadx11\terrain\debug\terrain.tlog\link.command.1.tlog
c:\users\pc\desktop\directx11\study\phantasiadx11\terrain\debug\terrain.tlog\link.read.1.tlog
c:\users\pc\desktop\directx11\study\phantasiadx11\terrain\debug\terrain.tlog\link.write.1.tlog
