c:\users\pc\desktop\directx11\study\phantasiadx11\picking\debug\vc140.pdb
c:\users\pc\desktop\directx11\study\phantasiadx11\picking\debug\vc140.idb
c:\users\pc\desktop\directx11\study\phantasiadx11\picking\debug\camera.obj
c:\users\pc\desktop\directx11\study\phantasiadx11\picking\debug\d3dapp.obj
c:\users\pc\desktop\directx11\study\phantasiadx11\picking\debug\d3dutil.obj
c:\users\pc\desktop\directx11\study\phantasiadx11\picking\debug\dxerr.obj
c:\users\pc\desktop\directx11\study\phantasiadx11\picking\debug\gametimer.obj
c:\users\pc\desktop\directx11\study\phantasiadx11\picking\debug\geometrygenerator.obj
c:\users\pc\desktop\directx11\study\phantasiadx11\picking\debug\lighthelper.obj
c:\users\pc\desktop\directx11\study\phantasiadx11\picking\debug\mathhelper.obj
c:\users\pc\desktop\directx11\study\phantasiadx11\picking\debug\texturemgr.obj
c:\users\pc\desktop\directx11\study\phantasiadx11\picking\debug\waves.obj
c:\users\pc\desktop\directx11\study\phantasiadx11\picking\debug\xnacollision.obj
c:\users\pc\desktop\directx11\study\phantasiadx11\picking\debug\effects.obj
c:\users\pc\desktop\directx11\study\phantasiadx11\picking\debug\pickingdemo.obj
c:\users\pc\desktop\directx11\study\phantasiadx11\picking\debug\renderstates.obj
c:\users\pc\desktop\directx11\study\phantasiadx11\picking\debug\vertex.obj
c:\users\pc\desktop\directx11\study\phantasiadx11\picking\fx\basic.fxo
c:\users\pc\desktop\directx11\study\phantasiadx11\debug\picking.ilk
c:\users\pc\desktop\directx11\study\phantasiadx11\debug\picking.exe
c:\users\pc\desktop\directx11\study\phantasiadx11\debug\picking.pdb
c:\users\pc\desktop\directx11\study\phantasiadx11\picking\debug\picking.tlog\cl.command.1.tlog
c:\users\pc\desktop\directx11\study\phantasiadx11\picking\debug\picking.tlog\cl.read.1.tlog
c:\users\pc\desktop\directx11\study\phantasiadx11\picking\debug\picking.tlog\cl.write.1.tlog
c:\users\pc\desktop\directx11\study\phantasiadx11\picking\debug\picking.tlog\custombuild.command.1.tlog
c:\users\pc\desktop\directx11\study\phantasiadx11\picking\debug\picking.tlog\custombuild.read.1.tlog
c:\users\pc\desktop\directx11\study\phantasiadx11\picking\debug\picking.tlog\custombuild.write.1.tlog
c:\users\pc\desktop\directx11\study\phantasiadx11\picking\debug\picking.tlog\link.command.1.tlog
c:\users\pc\desktop\directx11\study\phantasiadx11\picking\debug\picking.tlog\link.read.1.tlog
c:\users\pc\desktop\directx11\study\phantasiadx11\picking\debug\picking.tlog\link.write.1.tlog
