c:\users\pc\desktop\directx11\study\phantasiadx11\lighting\debug\vc140.pdb
c:\users\pc\desktop\directx11\study\phantasiadx11\lighting\debug\vc140.idb
c:\users\pc\desktop\directx11\study\phantasiadx11\lighting\debug\camera.obj
c:\users\pc\desktop\directx11\study\phantasiadx11\lighting\debug\d3dapp.obj
c:\users\pc\desktop\directx11\study\phantasiadx11\lighting\debug\d3dutil.obj
c:\users\pc\desktop\directx11\study\phantasiadx11\lighting\debug\dxerr.obj
c:\users\pc\desktop\directx11\study\phantasiadx11\lighting\debug\gametimer.obj
c:\users\pc\desktop\directx11\study\phantasiadx11\lighting\debug\geometrygenerator.obj
c:\users\pc\desktop\directx11\study\phantasiadx11\lighting\debug\lighthelper.obj
c:\users\pc\desktop\directx11\study\phantasiadx11\lighting\debug\mathhelper.obj
c:\users\pc\desktop\directx11\study\phantasiadx11\lighting\debug\texturemgr.obj
c:\users\pc\desktop\directx11\study\phantasiadx11\lighting\debug\waves.obj
c:\users\pc\desktop\directx11\study\phantasiadx11\lighting\debug\xnacollision.obj
c:\users\pc\desktop\directx11\study\phantasiadx11\lighting\debug\litskulldemo.obj
c:\users\pc\desktop\directx11\study\phantasiadx11\lighting\debug\effects.obj
c:\users\pc\desktop\directx11\study\phantasiadx11\lighting\debug\vertex.obj
c:\users\pc\desktop\directx11\study\phantasiadx11\lighting\fx\basic.fxo
c:\users\pc\desktop\directx11\study\phantasiadx11\debug\lighting.ilk
c:\users\pc\desktop\directx11\study\phantasiadx11\debug\lighting.exe
c:\users\pc\desktop\directx11\study\phantasiadx11\debug\lighting.pdb
c:\users\pc\desktop\directx11\study\phantasiadx11\lighting\debug\lighting.tlog\cl.command.1.tlog
c:\users\pc\desktop\directx11\study\phantasiadx11\lighting\debug\lighting.tlog\cl.read.1.tlog
c:\users\pc\desktop\directx11\study\phantasiadx11\lighting\debug\lighting.tlog\cl.write.1.tlog
c:\users\pc\desktop\directx11\study\phantasiadx11\lighting\debug\lighting.tlog\custombuild.command.1.tlog
c:\users\pc\desktop\directx11\study\phantasiadx11\lighting\debug\lighting.tlog\custombuild.read.1.tlog
c:\users\pc\desktop\directx11\study\phantasiadx11\lighting\debug\lighting.tlog\custombuild.write.1.tlog
c:\users\pc\desktop\directx11\study\phantasiadx11\lighting\debug\lighting.tlog\link.command.1.tlog
c:\users\pc\desktop\directx11\study\phantasiadx11\lighting\debug\lighting.tlog\link.read.1.tlog
c:\users\pc\desktop\directx11\study\phantasiadx11\lighting\debug\lighting.tlog\link.write.1.tlog
